# JRE version: OpenJDK Runtime Environment (8.0_252-b09) (build 1.8.0_252-b09)
# Java VM: OpenJDK 64-Bit Server VM (25.252-b09 mixed mode bsd-amd64 compressed oops)
Heap:
 PSYoungGen      total 76288K, used 1310K [0x000000076ab00000, 0x0000000770000000, 0x00000007c0000000)
  eden space 65536K, 2% used [0x000000076ab00000,0x000000076ac47b28,0x000000076eb00000)
  from space 10752K, 0% used [0x000000076eb00000,0x000000076eb00000,0x000000076f580000)
  to   space 10752K, 0% used [0x000000076f580000,0x000000076f580000,0x0000000770000000)
 ParOldGen       total 175104K, used 1312K [0x00000006c0000000, 0x00000006cab00000, 0x000000076ab00000)
  object space 175104K, 0% used [0x00000006c0000000,0x00000006c01483b0,0x00000006cab00000)
 Metaspace       used 6422K, capacity 6604K, committed 6784K, reserved 1056768K
  class space    used 716K, capacity 794K, committed 896K, reserved 1048576K
GC Heap History (10 events):
Event: 4.128 GC heap before
{Heap before GC invocations=26 (full 13):
 PSYoungGen      total 76288K, used 64K [0x000000076ab00000, 0x0000000770000000, 0x00000007c0000000)
  eden space 65536K, 0% used [0x000000076ab00000,0x000000076ab00000,0x000000076eb00000)
  from space 10752K, 0% used [0x000000076eb00000,0x000000076eb10000,0x000000076f580000)
  to   space 10752K, 0% used [0x000000076f580000,0x000000076f580000,0x0000000770000000)
 ParOldGen       total 175104K, used 1312K [0x00000006c0000000, 0x00000006cab00000, 0x000000076ab00000)
  object space 175104K, 0% used [0x00000006c0000000,0x00000006c01483b0,0x00000006cab00000)
 Metaspace       used 6422K, capacity 6604K, committed 6784K, reserved 1056768K
  class space    used 716K, capacity 794K, committed 896K, reserved 1048576K
Event: 4.132 GC heap after
Heap after GC invocations=26 (full 13):
 PSYoungGen      total 76288K, used 0K [0x000000076ab00000, 0x0000000770000000, 0x00000007c0000000)
  eden space 65536K, 0% used [0x000000076ab00000,0x000000076ab00000,0x000000076eb00000)
  from space 10752K, 0% used [0x000000076eb00000,0x000000076eb00000,0x000000076f580000)
  to   space 10752K, 0% used [0x000000076f580000,0x000000076f580000,0x0000000770000000)
 ParOldGen       total 175104K, used 1312K [0x00000006c0000000, 0x00000006cab00000, 0x000000076ab00000)
  object space 175104K, 0% used [0x00000006c0000000,0x00000006c01483b0,0x00000006cab00000)
 Metaspace       used 6422K, capacity 6604K, committed 6784K, reserved 1056768K
  class space    used 716K, capacity 794K, committed 896K, reserved 1048576K
}
Event: 4.306 GC heap before
{Heap before GC invocations=27 (full 13):
 PSYoungGen      total 76288K, used 1310K [0x000000076ab00000, 0x0000000770000000, 0x00000007c0000000)
  eden space 65536K, 2% used [0x000000076ab00000,0x000000076ac47b28,0x000000076eb00000)
  from space 10752K, 0% used [0x000000076eb00000,0x000000076eb00000,0x000000076f580000)
  to   space 10752K, 0% used [0x000000076f580000,0x000000076f580000,0x0000000770000000)
 ParOldGen       total 175104K, used 1312K [0x00000006c0000000, 0x00000006cab00000, 0x000000076ab00000)
  object space 175104K, 0% used [0x00000006c0000000,0x00000006c01483b0,0x00000006cab00000)
 Metaspace       used 6422K, capacity 6604K, committed 6784K, reserved 1056768K
  class space    used 716K, capacity 794K, committed 896K, reserved 1048576K
Event: 4.307 GC heap after
Heap after GC invocations=27 (full 13):
 PSYoungGen      total 76288K, used 64K [0x000000076ab00000, 0x0000000770000000, 0x00000007c0000000)
  eden space 65536K, 0% used [0x000000076ab00000,0x000000076ab00000,0x000000076eb00000)
  from space 10752K, 0% used [0x000000076f580000,0x000000076f590000,0x0000000770000000)
  to   space 10752K, 0% used [0x000000076eb00000,0x000000076eb00000,0x000000076f580000)
 ParOldGen       total 175104K, used 1312K [0x00000006c0000000, 0x00000006cab00000, 0x000000076ab00000)
  object space 175104K, 0% used [0x00000006c0000000,0x00000006c01483b0,0x00000006cab00000)
 Metaspace       used 6422K, capacity 6604K, committed 6784K, reserved 1056768K
  class space    used 716K, capacity 794K, committed 896K, reserved 1048576K
}
Event: 4.307 GC heap before
{Heap before GC invocations=28 (full 14):
 PSYoungGen      total 76288K, used 64K [0x000000076ab00000, 0x0000000770000000, 0x00000007c0000000)
  eden space 65536K, 0% used [0x000000076ab00000,0x000000076ab00000,0x000000076eb00000)
  from space 10752K, 0% used [0x000000076f580000,0x000000076f590000,0x0000000770000000)
  to   space 10752K, 0% used [0x000000076eb00000,0x000000076eb00000,0x000000076f580000)
 ParOldGen       total 175104K, used 1312K [0x00000006c0000000, 0x00000006cab00000, 0x000000076ab00000)
  object space 175104K, 0% used [0x00000006c0000000,0x00000006c01483b0,0x00000006cab00000)
 Metaspace       used 6422K, capacity 6604K, committed 6784K, reserved 1056768K
  class space    used 716K, capacity 794K, committed 896K, reserved 1048576K
Event: 4.311 GC heap after
Heap after GC invocations=28 (full 14):
 PSYoungGen      total 76288K, used 0K [0x000000076ab00000, 0x0000000770000000, 0x00000007c0000000)
  eden space 65536K, 0% used [0x000000076ab00000,0x000000076ab00000,0x000000076eb00000)
  from space 10752K, 0% used [0x000000076f580000,0x000000076f580000,0x0000000770000000)
  to   space 10752K, 0% used [0x000000076eb00000,0x000000076eb00000,0x000000076f580000)
 ParOldGen       total 175104K, used 1312K [0x00000006c0000000, 0x00000006cab00000, 0x000000076ab00000)
  object space 175104K, 0% used [0x00000006c0000000,0x00000006c01483b0,0x00000006cab00000)
 Metaspace       used 6422K, capacity 6604K, committed 6784K, reserved 1056768K
  class space    used 716K, capacity 794K, committed 896K, reserved 1048576K
}
Event: 4.484 GC heap before
{Heap before GC invocations=29 (full 14):
 PSYoungGen      total 76288K, used 1310K [0x000000076ab00000, 0x0000000770000000, 0x00000007c0000000)
  eden space 65536K, 2% used [0x000000076ab00000,0x000000076ac47b28,0x000000076eb00000)
  from space 10752K, 0% used [0x000000076f580000,0x000000076f580000,0x0000000770000000)
  to   space 10752K, 0% used [0x000000076eb00000,0x000000076eb00000,0x000000076f580000)
 ParOldGen       total 175104K, used 1312K [0x00000006c0000000, 0x00000006cab00000, 0x000000076ab00000)
  object space 175104K, 0% used [0x00000006c0000000,0x00000006c01483b0,0x00000006cab00000)
 Metaspace       used 6422K, capacity 6604K, committed 6784K, reserved 1056768K
  class space    used 716K, capacity 794K, committed 896K, reserved 1048576K
Event: 4.485 GC heap after
Heap after GC invocations=29 (full 14):
 PSYoungGen      total 76288K, used 64K [0x000000076ab00000, 0x0000000770000000, 0x00000007c0000000)
  eden space 65536K, 0% used [0x000000076ab00000,0x000000076ab00000,0x000000076eb00000)
  from space 10752K, 0% used [0x000000076eb00000,0x000000076eb10000,0x000000076f580000)
  to   space 10752K, 0% used [0x000000076f580000,0x000000076f580000,0x0000000770000000)
 ParOldGen       total 175104K, used 1312K [0x00000006c0000000, 0x00000006cab00000, 0x000000076ab00000)
  object space 175104K, 0% used [0x00000006c0000000,0x00000006c01483b0,0x00000006cab00000)
 Metaspace       used 6422K, capacity 6604K, committed 6784K, reserved 1056768K
  class space    used 716K, capacity 794K, committed 896K, reserved 1048576K
}
Event: 4.485 GC heap before
{Heap before GC invocations=30 (full 15):
 PSYoungGen      total 76288K, used 64K [0x000000076ab00000, 0x0000000770000000, 0x00000007c0000000)
  eden space 65536K, 0% used [0x000000076ab00000,0x000000076ab00000,0x000000076eb00000)
  from space 10752K, 0% used [0x000000076eb00000,0x000000076eb10000,0x000000076f580000)
  to   space 10752K, 0% used [0x000000076f580000,0x000000076f580000,0x0000000770000000)
 ParOldGen       total 175104K, used 1312K [0x00000006c0000000, 0x00000006cab00000, 0x000000076ab00000)
  object space 175104K, 0% used [0x00000006c0000000,0x00000006c01483b0,0x00000006cab00000)
 Metaspace       used 6422K, capacity 6604K, committed 6784K, reserved 1056768K
  class space    used 716K, capacity 794K, committed 896K, reserved 1048576K
Event: 4.489 GC heap after
Heap after GC invocations=30 (full 15):
 PSYoungGen      total 76288K, used 0K [0x000000076ab00000, 0x0000000770000000, 0x00000007c0000000)
  eden space 65536K, 0% used [0x000000076ab00000,0x000000076ab00000,0x000000076eb00000)
  from space 10752K, 0% used [0x000000076eb00000,0x000000076eb00000,0x000000076f580000)
  to   space 10752K, 0% used [0x000000076f580000,0x000000076f580000,0x0000000770000000)
 ParOldGen       total 175104K, used 1312K [0x00000006c0000000, 0x00000006cab00000, 0x000000076ab00000)
  object space 175104K, 0% used [0x00000006c0000000,0x00000006c01483b0,0x00000006cab00000)
 Metaspace       used 6422K, capacity 6604K, committed 6784K, reserved 1056768K
  class space    used 716K, capacity 794K, committed 896K, reserved 1048576K
}

