# JRE version: OpenJDK Runtime Environment (8.0_252-b09) (build 1.8.0_252-b09)
# Java VM: OpenJDK 64-Bit Server VM (25.252-b09 mixed mode bsd-amd64 compressed oops)
Heap:
 PSYoungGen      total 76288K, used 1310K [0x000000076ab00000, 0x0000000770000000, 0x00000007c0000000)
  eden space 65536K, 2% used [0x000000076ab00000,0x000000076ac47b28,0x000000076eb00000)
  from space 10752K, 0% used [0x000000076eb00000,0x000000076eb00000,0x000000076f580000)
  to   space 10752K, 0% used [0x000000076f580000,0x000000076f580000,0x0000000770000000)
 ParOldGen       total 175104K, used 1312K [0x00000006c0000000, 0x00000006cab00000, 0x000000076ab00000)
  object space 175104K, 0% used [0x00000006c0000000,0x00000006c0148320,0x00000006cab00000)
 Metaspace       used 6416K, capacity 6604K, committed 6784K, reserved 1056768K
  class space    used 716K, capacity 794K, committed 896K, reserved 1048576K
GC Heap History (10 events):
Event: 1.498 GC heap before
{Heap before GC invocations=18 (full 9):
 PSYoungGen      total 76288K, used 64K [0x000000076ab00000, 0x0000000770000000, 0x00000007c0000000)
  eden space 65536K, 0% used [0x000000076ab00000,0x000000076ab00000,0x000000076eb00000)
  from space 10752K, 0% used [0x000000076eb00000,0x000000076eb10000,0x000000076f580000)
  to   space 10752K, 0% used [0x000000076f580000,0x000000076f580000,0x0000000770000000)
 ParOldGen       total 175104K, used 1312K [0x00000006c0000000, 0x00000006cab00000, 0x000000076ab00000)
  object space 175104K, 0% used [0x00000006c0000000,0x00000006c0148368,0x00000006cab00000)
 Metaspace       used 6416K, capacity 6604K, committed 6784K, reserved 1056768K
  class space    used 716K, capacity 794K, committed 896K, reserved 1048576K
Event: 1.504 GC heap after
Heap after GC invocations=18 (full 9):
 PSYoungGen      total 76288K, used 0K [0x000000076ab00000, 0x0000000770000000, 0x00000007c0000000)
  eden space 65536K, 0% used [0x000000076ab00000,0x000000076ab00000,0x000000076eb00000)
  from space 10752K, 0% used [0x000000076eb00000,0x000000076eb00000,0x000000076f580000)
  to   space 10752K, 0% used [0x000000076f580000,0x000000076f580000,0x0000000770000000)
 ParOldGen       total 175104K, used 1312K [0x00000006c0000000, 0x00000006cab00000, 0x000000076ab00000)
  object space 175104K, 0% used [0x00000006c0000000,0x00000006c0148368,0x00000006cab00000)
 Metaspace       used 6416K, capacity 6604K, committed 6784K, reserved 1056768K
  class space    used 716K, capacity 794K, committed 896K, reserved 1048576K
}
Event: 2.327 GC heap before
{Heap before GC invocations=19 (full 9):
 PSYoungGen      total 76288K, used 1310K [0x000000076ab00000, 0x0000000770000000, 0x00000007c0000000)
  eden space 65536K, 2% used [0x000000076ab00000,0x000000076ac47b28,0x000000076eb00000)
  from space 10752K, 0% used [0x000000076eb00000,0x000000076eb00000,0x000000076f580000)
  to   space 10752K, 0% used [0x000000076f580000,0x000000076f580000,0x0000000770000000)
 ParOldGen       total 175104K, used 1312K [0x00000006c0000000, 0x00000006cab00000, 0x000000076ab00000)
  object space 175104K, 0% used [0x00000006c0000000,0x00000006c0148368,0x00000006cab00000)
 Metaspace       used 6416K, capacity 6604K, committed 6784K, reserved 1056768K
  class space    used 716K, capacity 794K, committed 896K, reserved 1048576K
Event: 2.327 GC heap after
Heap after GC invocations=19 (full 9):
 PSYoungGen      total 76288K, used 64K [0x000000076ab00000, 0x0000000770000000, 0x00000007c0000000)
  eden space 65536K, 0% used [0x000000076ab00000,0x000000076ab00000,0x000000076eb00000)
  from space 10752K, 0% used [0x000000076f580000,0x000000076f590000,0x0000000770000000)
  to   space 10752K, 0% used [0x000000076eb00000,0x000000076eb00000,0x000000076f580000)
 ParOldGen       total 175104K, used 1312K [0x00000006c0000000, 0x00000006cab00000, 0x000000076ab00000)
  object space 175104K, 0% used [0x00000006c0000000,0x00000006c0148368,0x00000006cab00000)
 Metaspace       used 6416K, capacity 6604K, committed 6784K, reserved 1056768K
  class space    used 716K, capacity 794K, committed 896K, reserved 1048576K
}
Event: 2.327 GC heap before
{Heap before GC invocations=20 (full 10):
 PSYoungGen      total 76288K, used 64K [0x000000076ab00000, 0x0000000770000000, 0x00000007c0000000)
  eden space 65536K, 0% used [0x000000076ab00000,0x000000076ab00000,0x000000076eb00000)
  from space 10752K, 0% used [0x000000076f580000,0x000000076f590000,0x0000000770000000)
  to   space 10752K, 0% used [0x000000076eb00000,0x000000076eb00000,0x000000076f580000)
 ParOldGen       total 175104K, used 1312K [0x00000006c0000000, 0x00000006cab00000, 0x000000076ab00000)
  object space 175104K, 0% used [0x00000006c0000000,0x00000006c0148368,0x00000006cab00000)
 Metaspace       used 6416K, capacity 6604K, committed 6784K, reserved 1056768K
  class space    used 716K, capacity 794K, committed 896K, reserved 1048576K
Event: 2.332 GC heap after
Heap after GC invocations=20 (full 10):
 PSYoungGen      total 76288K, used 0K [0x000000076ab00000, 0x0000000770000000, 0x00000007c0000000)
  eden space 65536K, 0% used [0x000000076ab00000,0x000000076ab00000,0x000000076eb00000)
  from space 10752K, 0% used [0x000000076f580000,0x000000076f580000,0x0000000770000000)
  to   space 10752K, 0% used [0x000000076eb00000,0x000000076eb00000,0x000000076f580000)
 ParOldGen       total 175104K, used 1312K [0x00000006c0000000, 0x00000006cab00000, 0x000000076ab00000)
  object space 175104K, 0% used [0x00000006c0000000,0x00000006c0148320,0x00000006cab00000)
 Metaspace       used 6416K, capacity 6604K, committed 6784K, reserved 1056768K
  class space    used 716K, capacity 794K, committed 896K, reserved 1048576K
}
Event: 2.577 GC heap before
{Heap before GC invocations=21 (full 10):
 PSYoungGen      total 76288K, used 1310K [0x000000076ab00000, 0x0000000770000000, 0x00000007c0000000)
  eden space 65536K, 2% used [0x000000076ab00000,0x000000076ac47b28,0x000000076eb00000)
  from space 10752K, 0% used [0x000000076f580000,0x000000076f580000,0x0000000770000000)
  to   space 10752K, 0% used [0x000000076eb00000,0x000000076eb00000,0x000000076f580000)
 ParOldGen       total 175104K, used 1312K [0x00000006c0000000, 0x00000006cab00000, 0x000000076ab00000)
  object space 175104K, 0% used [0x00000006c0000000,0x00000006c0148320,0x00000006cab00000)
 Metaspace       used 6416K, capacity 6604K, committed 6784K, reserved 1056768K
  class space    used 716K, capacity 794K, committed 896K, reserved 1048576K
Event: 2.578 GC heap after
Heap after GC invocations=21 (full 10):
 PSYoungGen      total 76288K, used 64K [0x000000076ab00000, 0x0000000770000000, 0x00000007c0000000)
  eden space 65536K, 0% used [0x000000076ab00000,0x000000076ab00000,0x000000076eb00000)
  from space 10752K, 0% used [0x000000076eb00000,0x000000076eb10000,0x000000076f580000)
  to   space 10752K, 0% used [0x000000076f580000,0x000000076f580000,0x0000000770000000)
 ParOldGen       total 175104K, used 1312K [0x00000006c0000000, 0x00000006cab00000, 0x000000076ab00000)
  object space 175104K, 0% used [0x00000006c0000000,0x00000006c0148320,0x00000006cab00000)
 Metaspace       used 6416K, capacity 6604K, committed 6784K, reserved 1056768K
  class space    used 716K, capacity 794K, committed 896K, reserved 1048576K
}
Event: 2.578 GC heap before
{Heap before GC invocations=22 (full 11):
 PSYoungGen      total 76288K, used 64K [0x000000076ab00000, 0x0000000770000000, 0x00000007c0000000)
  eden space 65536K, 0% used [0x000000076ab00000,0x000000076ab00000,0x000000076eb00000)
  from space 10752K, 0% used [0x000000076eb00000,0x000000076eb10000,0x000000076f580000)
  to   space 10752K, 0% used [0x000000076f580000,0x000000076f580000,0x0000000770000000)
 ParOldGen       total 175104K, used 1312K [0x00000006c0000000, 0x00000006cab00000, 0x000000076ab00000)
  object space 175104K, 0% used [0x00000006c0000000,0x00000006c0148320,0x00000006cab00000)
 Metaspace       used 6416K, capacity 6604K, committed 6784K, reserved 1056768K
  class space    used 716K, capacity 794K, committed 896K, reserved 1048576K
Event: 2.583 GC heap after
Heap after GC invocations=22 (full 11):
 PSYoungGen      total 76288K, used 0K [0x000000076ab00000, 0x0000000770000000, 0x00000007c0000000)
  eden space 65536K, 0% used [0x000000076ab00000,0x000000076ab00000,0x000000076eb00000)
  from space 10752K, 0% used [0x000000076eb00000,0x000000076eb00000,0x000000076f580000)
  to   space 10752K, 0% used [0x000000076f580000,0x000000076f580000,0x0000000770000000)
 ParOldGen       total 175104K, used 1312K [0x00000006c0000000, 0x00000006cab00000, 0x000000076ab00000)
  object space 175104K, 0% used [0x00000006c0000000,0x00000006c0148320,0x00000006cab00000)
 Metaspace       used 6416K, capacity 6604K, committed 6784K, reserved 1056768K
  class space    used 716K, capacity 794K, committed 896K, reserved 1048576K
}

